<?xml version="1.0" encoding="UTF-8"?>
<!-- Generated by org.testng.reporters.JUnitReportReporter -->
<testsuite hostname="Debolina" failures="0" tests="1" name="makemytrip.MakeMyTrip" time="262.651" errors="0" timestamp="2023-04-13T21:49:00 IST" skipped="0">
  <testcase classname="makemytrip.MakeMyTrip" name="HolidayPackage" time="262.651"/>
  <system-out/>
</testsuite> <!-- makemytrip.MakeMyTrip -->
